********************************************************************************
DUPLICATOR-LITE PACKAGE-LOG: 5 October 2018 10 h 19 min
NOTICE: Do NOT post to public sites or forums 
********************************************************************************
VERSION:	1.2.48
WORDPRESS:	4.9.8
PHP INFO:	5.6.38 | SAPI: cgi-fcgi
SERVER:		Apache 
PHP TIME LIMIT: (0) no time limit imposed 
PHP MAX MEMORY: 2048M (-1 default) 
MEMORY STACK: 61.25MB 

********************************************************************************
DATABASE:
********************************************************************************
BUILD MODE:   MYSQLDUMP
MYSQLTIMEOUT: 5000
MYSQLDUMP:    Is Supported 
FILTERED: [] 
RESPONSE: Ran from /usr/bin/mysqldump 
TABLES: total:21 | filtered:0 | create:21 
SQL CREATED: 20181003_officedetourismedestrasbour_113fe6824fbaea351665_20181005101714_database.sql 
SQL FILE SIZE: 1.06MB (1116293) 
SQL FILE TIME: 2018-10-05 10:19:04 
SQL RUNTIME: 0.12 sec. 

******************************************************************************** 
ARCHIVE (ZIP): 
******************************************************************************** 
ARCHIVE DIR:  /homepages/46/d750908800/htdocs/tp2 
ARCHIVE FILE: 20181003_officedetourismedestrasbour_113fe6824fbaea351665_20181005101714_archive.zip 
FILTERS: *ON* 
DIRS:
	not set 
FILES:
	not set 
EXTS:  not set 
---------------------------------------- 
COMPRESSING 
SIZE:	165.37MB 
STATS:	Dirs 967 | Files 7,230 
SQL ADDED: 20181003_officedetourismedestrasbour_113fe6824fbaea351665_20181005101714_database.sql 
ZipArchive Object
(
    [status] => 0
    [statusSys] => 0
    [numFiles] => 8197
    [filename] => /homepages/46/d750908800/htdocs/tp2/wp-snapshots/tmp/20181003_officedetourismedestrasbour_113fe6824fbaea351665_20181005101714_archive.zip
    [comment] => 
)
 
COMPRESSION RESULT: '1' 
COMPRESSED SIZE: 74.51MB 
ARCHIVE RUNTIME: 53.36 sec. 
MEMORY STACK: 64.5MB 

******************************************************************************** 
MAKE INSTALLER: 
******************************************************************************** 
Build Start 
Build Finished 
Preparing for use 
PACK SIZE:  
Template parsed with new data 
Complete [/homepages/46/d750908800/htdocs/tp2/wp-snapshots/tmp/20181003_officedetourismedestrasbour_113fe6824fbaea351665_20181005101714_installer.php] 
Added to archive 

******************************************************************************** 
INTEGRITY CHECKS: 
******************************************************************************** 
SQL File: 1.06MB 
Installer File: 474.21KB 
Archive File: 74.51MB  

********************************************************************************
RECORD ID:[2]
TOTAL PROCESS RUNTIME: 53.80 sec.
PEAK PHP MEMORY USED: 66.5MB
DONE PROCESSING => 20181003_officedetourismedestrasbour 5 October 2018 10 h 19 min
 
